2024-07-01 11:00:40.165 [main] INFO  com.FindSuperMarket.demo.FindNearbySupermarketApplication - Starting FindNearbySupermarketApplication using Java 22.0.1 with PID 27204 (D:\XTel\Spring boot\Find_Nerby_Suppermarket\find_nerby_supermarket\demo\target\classes started by TKien in D:\XTel\Spring boot\Find_Nerby_Suppermarket\find_nerby_supermarket\demo)
2024-07-01 11:00:40.174 [main] INFO  com.FindSuperMarket.demo.FindNearbySupermarketApplication - No active profile set, falling back to 1 default profile: "default"
2024-07-01 11:00:40.756 [main] INFO  org.springframework.data.repository.config.RepositoryConfigurationDelegate - Bootstrapping Spring Data JPA repositories in DEFAULT mode.
2024-07-01 11:00:40.811 [main] INFO  org.springframework.data.repository.config.RepositoryConfigurationDelegate - Finished Spring Data repository scanning in 47 ms. Found 5 JPA repository interfaces.
2024-07-01 11:00:41.236 [main] INFO  org.springframework.boot.web.embedded.tomcat.TomcatWebServer - Tomcat initialized with port 8080 (http)
2024-07-01 11:00:41.249 [main] INFO  org.apache.coyote.http11.Http11NioProtocol - Initializing ProtocolHandler ["http-nio-8080"]
2024-07-01 11:00:41.250 [main] INFO  org.apache.catalina.core.StandardService - Starting service [Tomcat]
2024-07-01 11:00:41.250 [main] INFO  org.apache.catalina.core.StandardEngine - Starting Servlet engine: [Apache Tomcat/10.1.25]
2024-07-01 11:00:41.339 [main] INFO  org.apache.catalina.core.ContainerBase.[Tomcat].[localhost].[/] - Initializing Spring embedded WebApplicationContext
2024-07-01 11:00:41.339 [main] INFO  org.springframework.boot.web.servlet.context.ServletWebServerApplicationContext - Root WebApplicationContext: initialization completed in 1134 ms
2024-07-01 11:00:41.392 [main] INFO  com.FindSuperMarket.demo.exception.GlobalExceptionHandler - Initializing filter :com.FindSuperMarket.demo.config.filter.TracsactionFilter@1f884bd6
2024-07-01 11:00:41.850 [main] INFO  org.springframework.orm.jpa.persistenceunit.SpringPersistenceUnitInfo - No LoadTimeWeaver setup: ignoring JPA class transformer
2024-07-01 11:00:41.877 [main] INFO  com.zaxxer.hikari.HikariDataSource - HikariPool-1 - Starting...
2024-07-01 11:00:41.996 [main] INFO  com.zaxxer.hikari.pool.HikariPool - HikariPool-1 - Added connection com.mysql.cj.jdbc.ConnectionImpl@775c4054
2024-07-01 11:00:41.997 [main] INFO  com.zaxxer.hikari.HikariDataSource - HikariPool-1 - Start completed.
2024-07-01 11:00:42.018 [main] WARN  org.hibernate.orm.deprecation - HHH90000025: MySQL8Dialect does not need to be specified explicitly using 'hibernate.dialect' (remove the property setting and it will be selected by default)
2024-07-01 11:00:42.018 [main] WARN  org.hibernate.orm.deprecation - HHH90000026: MySQL8Dialect has been deprecated; use org.hibernate.dialect.MySQLDialect instead
2024-07-01 11:00:43.042 [main] INFO  org.springframework.orm.jpa.LocalContainerEntityManagerFactoryBean - Initialized JPA EntityManagerFactory for persistence unit 'default'
2024-07-01 11:00:43.330 [main] WARN  org.springframework.boot.autoconfigure.orm.jpa.JpaBaseConfiguration$JpaWebConfiguration - spring.jpa.open-in-view is enabled by default. Therefore, database queries may be performed during view rendering. Explicitly configure spring.jpa.open-in-view to disable this warning
2024-07-01 11:00:43.342 [main] WARN  org.springframework.boot.autoconfigure.security.servlet.UserDetailsServiceAutoConfiguration - 

Using generated security password: c783057c-b86f-4e53-a13e-eae05c3c08fe

This generated password is for development use only. Your security configuration must be updated before running your application in production.

2024-07-01 11:00:43.348 [main] INFO  org.springframework.security.config.annotation.authentication.configuration.InitializeUserDetailsBeanManagerConfigurer$InitializeUserDetailsManagerConfigurer - Global AuthenticationManager configured with UserDetailsService bean with name inMemoryUserDetailsManager
2024-07-01 11:00:43.737 [main] INFO  org.apache.coyote.http11.Http11NioProtocol - Starting ProtocolHandler ["http-nio-8080"]
2024-07-01 11:00:43.749 [main] INFO  org.springframework.boot.web.embedded.tomcat.TomcatWebServer - Tomcat started on port 8080 (http) with context path '/'
2024-07-01 11:00:43.755 [main] INFO  com.FindSuperMarket.demo.FindNearbySupermarketApplication - Started FindNearbySupermarketApplication in 3.9 seconds (process running for 5.37)
2024-07-01 11:01:13.666 [http-nio-8080-exec-2] INFO  org.apache.catalina.core.ContainerBase.[Tomcat].[localhost].[/] - Initializing Spring DispatcherServlet 'dispatcherServlet'
2024-07-01 11:01:13.667 [http-nio-8080-exec-2] INFO  org.springframework.web.servlet.DispatcherServlet - Initializing Servlet 'dispatcherServlet'
2024-07-01 11:01:13.668 [http-nio-8080-exec-2] INFO  org.springframework.web.servlet.DispatcherServlet - Completed initialization in 1 ms
2024-07-01 11:01:13.685 [http-nio-8080-exec-2] INFO  com.FindSuperMarket.demo.exception.GlobalExceptionHandler - Starting transaction for req : /api/users/1
2024-07-01 11:01:13.787 [http-nio-8080-exec-2] INFO  com.FindSuperMarket.demo.exception.GlobalExceptionHandler - Committing Transaction for req :/api/users/1
2024-07-01 12:00:54.404 [SpringApplicationShutdownHook] INFO  org.springframework.orm.jpa.LocalContainerEntityManagerFactoryBean - Closing JPA EntityManagerFactory for persistence unit 'default'
2024-07-01 12:00:54.427 [SpringApplicationShutdownHook] INFO  com.zaxxer.hikari.HikariDataSource - HikariPool-1 - Shutdown initiated...
2024-07-01 12:00:54.435 [SpringApplicationShutdownHook] INFO  com.zaxxer.hikari.HikariDataSource - HikariPool-1 - Shutdown completed.
2024-07-01 12:00:54.443 [SpringApplicationShutdownHook] WARN  com.FindSuperMarket.demo.exception.GlobalExceptionHandler - Destructing filter :com.FindSuperMarket.demo.config.filter.TracsactionFilter@1f884bd6
