2024-07-10 15:22:55.940 [main] INFO  com.FindSuperMarket.demo.FindNearbySupermarketApplication - Starting FindNearbySupermarketApplication using Java 22.0.1 with PID 19860 (D:\XTel\Spring boot\Find_Nerby_Suppermarket\find_nerby_supermarket\demo\target\classes started by TKien in D:\XTel\Spring boot\Find_Nerby_Suppermarket\find_nerby_supermarket\demo)
2024-07-10 15:22:55.954 [main] INFO  com.FindSuperMarket.demo.FindNearbySupermarketApplication - No active profile set, falling back to 1 default profile: "default"
2024-07-10 15:22:56.661 [main] INFO  org.springframework.data.repository.config.RepositoryConfigurationDelegate - Bootstrapping Spring Data JPA repositories in DEFAULT mode.
2024-07-10 15:22:56.729 [main] INFO  org.springframework.data.repository.config.RepositoryConfigurationDelegate - Finished Spring Data repository scanning in 60 ms. Found 5 JPA repository interfaces.
2024-07-10 15:22:57.208 [main] INFO  org.springframework.boot.web.embedded.tomcat.TomcatWebServer - Tomcat initialized with port 8080 (http)
2024-07-10 15:22:57.221 [main] INFO  org.apache.coyote.http11.Http11NioProtocol - Initializing ProtocolHandler ["http-nio-8080"]
2024-07-10 15:22:57.222 [main] INFO  org.apache.catalina.core.StandardService - Starting service [Tomcat]
2024-07-10 15:22:57.223 [main] INFO  org.apache.catalina.core.StandardEngine - Starting Servlet engine: [Apache Tomcat/10.1.25]
2024-07-10 15:22:57.270 [main] INFO  org.apache.catalina.core.ContainerBase.[Tomcat].[localhost].[/] - Initializing Spring embedded WebApplicationContext
2024-07-10 15:22:57.270 [main] INFO  org.springframework.boot.web.servlet.context.ServletWebServerApplicationContext - Root WebApplicationContext: initialization completed in 1281 ms
2024-07-10 15:22:57.327 [main] INFO  com.FindSuperMarket.demo.exception.GlobalExceptionHandler - Initializing filter :com.FindSuperMarket.demo.config.filter.TracsactionFilter@1f884bd6
2024-07-10 15:22:57.328 [main] INFO  com.FindSuperMarket.demo.config.filter.RequestResponseFilter - Initializing filter :com.FindSuperMarket.demo.config.filter.RequestResponseFilter@696b52bc
2024-07-10 15:22:57.797 [main] INFO  org.springframework.orm.jpa.persistenceunit.SpringPersistenceUnitInfo - No LoadTimeWeaver setup: ignoring JPA class transformer
2024-07-10 15:22:57.823 [main] INFO  com.zaxxer.hikari.HikariDataSource - HikariPool-1 - Starting...
2024-07-10 15:22:57.947 [main] INFO  com.zaxxer.hikari.pool.HikariPool - HikariPool-1 - Added connection com.mysql.cj.jdbc.ConnectionImpl@6bc25ac2
2024-07-10 15:22:57.948 [main] INFO  com.zaxxer.hikari.HikariDataSource - HikariPool-1 - Start completed.
2024-07-10 15:22:57.970 [main] WARN  org.hibernate.orm.deprecation - HHH90000025: MySQL8Dialect does not need to be specified explicitly using 'hibernate.dialect' (remove the property setting and it will be selected by default)
2024-07-10 15:22:57.971 [main] WARN  org.hibernate.orm.deprecation - HHH90000026: MySQL8Dialect has been deprecated; use org.hibernate.dialect.MySQLDialect instead
2024-07-10 15:22:59.029 [main] INFO  org.springframework.orm.jpa.LocalContainerEntityManagerFactoryBean - Initialized JPA EntityManagerFactory for persistence unit 'default'
2024-07-10 15:22:59.345 [main] WARN  org.springframework.boot.autoconfigure.orm.jpa.JpaBaseConfiguration$JpaWebConfiguration - spring.jpa.open-in-view is enabled by default. Therefore, database queries may be performed during view rendering. Explicitly configure spring.jpa.open-in-view to disable this warning
2024-07-10 15:22:59.359 [main] WARN  org.springframework.boot.autoconfigure.security.servlet.UserDetailsServiceAutoConfiguration - 

Using generated security password: 807092e5-deb6-49ea-aa7a-2bc05b7dac99

This generated password is for development use only. Your security configuration must be updated before running your application in production.

2024-07-10 15:22:59.364 [main] INFO  org.springframework.security.config.annotation.authentication.configuration.InitializeUserDetailsBeanManagerConfigurer$InitializeUserDetailsManagerConfigurer - Global AuthenticationManager configured with UserDetailsService bean with name inMemoryUserDetailsManager
2024-07-10 15:22:59.777 [main] INFO  org.apache.coyote.http11.Http11NioProtocol - Starting ProtocolHandler ["http-nio-8080"]
2024-07-10 15:22:59.790 [main] INFO  org.springframework.boot.web.embedded.tomcat.TomcatWebServer - Tomcat started on port 8080 (http) with context path '/'
2024-07-10 15:22:59.797 [main] INFO  com.FindSuperMarket.demo.FindNearbySupermarketApplication - Started FindNearbySupermarketApplication in 4.181 seconds (process running for 5.676)
2024-07-10 15:24:35.750 [main] INFO  com.FindSuperMarket.demo.FindNearbySupermarketApplicationTests - Starting FindNearbySupermarketApplicationTests using Java 22.0.1 with PID 24172 (started by TKien in D:\XTel\Spring boot\Find_Nerby_Suppermarket\find_nerby_supermarket\demo)
2024-07-10 15:24:35.774 [main] INFO  com.FindSuperMarket.demo.FindNearbySupermarketApplicationTests - No active profile set, falling back to 1 default profile: "default"
2024-07-10 15:24:36.636 [main] INFO  org.springframework.data.repository.config.RepositoryConfigurationDelegate - Bootstrapping Spring Data JPA repositories in DEFAULT mode.
2024-07-10 15:24:36.709 [main] INFO  org.springframework.data.repository.config.RepositoryConfigurationDelegate - Finished Spring Data repository scanning in 67 ms. Found 5 JPA repository interfaces.
2024-07-10 15:24:37.875 [main] INFO  org.springframework.orm.jpa.persistenceunit.SpringPersistenceUnitInfo - No LoadTimeWeaver setup: ignoring JPA class transformer
2024-07-10 15:24:37.919 [main] INFO  com.zaxxer.hikari.HikariDataSource - HikariPool-1 - Starting...
2024-07-10 15:24:38.064 [main] INFO  com.zaxxer.hikari.pool.HikariPool - HikariPool-1 - Added connection com.mysql.cj.jdbc.ConnectionImpl@3f80d8c
2024-07-10 15:24:38.065 [main] INFO  com.zaxxer.hikari.HikariDataSource - HikariPool-1 - Start completed.
2024-07-10 15:24:38.084 [main] WARN  org.hibernate.orm.deprecation - HHH90000025: MySQL8Dialect does not need to be specified explicitly using 'hibernate.dialect' (remove the property setting and it will be selected by default)
2024-07-10 15:24:38.085 [main] WARN  org.hibernate.orm.deprecation - HHH90000026: MySQL8Dialect has been deprecated; use org.hibernate.dialect.MySQLDialect instead
2024-07-10 15:24:38.993 [main] INFO  org.springframework.orm.jpa.LocalContainerEntityManagerFactoryBean - Initialized JPA EntityManagerFactory for persistence unit 'default'
2024-07-10 15:24:39.496 [main] WARN  org.springframework.boot.autoconfigure.orm.jpa.JpaBaseConfiguration$JpaWebConfiguration - spring.jpa.open-in-view is enabled by default. Therefore, database queries may be performed during view rendering. Explicitly configure spring.jpa.open-in-view to disable this warning
2024-07-10 15:24:39.553 [main] WARN  org.springframework.boot.autoconfigure.security.servlet.UserDetailsServiceAutoConfiguration - 

Using generated security password: 82a7cb9c-7795-4fc8-89c5-99ae4aecf989

This generated password is for development use only. Your security configuration must be updated before running your application in production.

2024-07-10 15:24:39.578 [main] INFO  org.springframework.security.config.annotation.authentication.configuration.InitializeUserDetailsBeanManagerConfigurer$InitializeUserDetailsManagerConfigurer - Global AuthenticationManager configured with UserDetailsService bean with name inMemoryUserDetailsManager
2024-07-10 15:24:40.658 [main] INFO  com.FindSuperMarket.demo.FindNearbySupermarketApplicationTests - Started FindNearbySupermarketApplicationTests in 5.26 seconds (process running for 6.576)
2024-07-10 15:24:41.087 [SpringApplicationShutdownHook] INFO  org.springframework.orm.jpa.LocalContainerEntityManagerFactoryBean - Closing JPA EntityManagerFactory for persistence unit 'default'
2024-07-10 15:24:41.089 [SpringApplicationShutdownHook] INFO  com.zaxxer.hikari.HikariDataSource - HikariPool-1 - Shutdown initiated...
2024-07-10 15:24:41.098 [SpringApplicationShutdownHook] INFO  com.zaxxer.hikari.HikariDataSource - HikariPool-1 - Shutdown completed.
2024-07-10 16:02:37.913 [SpringApplicationShutdownHook] INFO  org.springframework.orm.jpa.LocalContainerEntityManagerFactoryBean - Closing JPA EntityManagerFactory for persistence unit 'default'
2024-07-10 16:02:37.916 [SpringApplicationShutdownHook] INFO  com.zaxxer.hikari.HikariDataSource - HikariPool-1 - Shutdown initiated...
2024-07-10 16:02:37.918 [SpringApplicationShutdownHook] INFO  com.zaxxer.hikari.HikariDataSource - HikariPool-1 - Shutdown completed.
2024-07-10 16:02:37.920 [SpringApplicationShutdownHook] WARN  com.FindSuperMarket.demo.exception.GlobalExceptionHandler - Destructing filter :com.FindSuperMarket.demo.config.filter.TracsactionFilter@1f884bd6
2024-07-10 16:02:37.920 [SpringApplicationShutdownHook] WARN  com.FindSuperMarket.demo.config.filter.RequestResponseFilter - Destructing filter :com.FindSuperMarket.demo.config.filter.RequestResponseFilter@696b52bc
